This is pdfTeX, Version 3.141592653-2.6-1.40.25 (TeX Live 2023/nixos.org) (preloaded format=latex 1980.1.1)  4 SEP 2024 17:57
entering extended mode
 restricted \write18 enabled.
 %&-line parsing enabled.
**APLANG-Command_and_Control:_NuclearWeapons,_the_Damascus,_and_the_Illusion_of
_Safety.tex

(./APLANG-Command_and_Control:_NuclearWeapons,_the_Damascus,_and_the_Illusion_o
f_Safety.tex
LaTeX2e <2023-11-01> patch level 1
L3 programming layer <2024-02-20>

(/nix/store/zmqs0yd8r9w8lzn4swvihjbjxbks660n-texlive-2023-env-texmfdist/tex/lat
ex/base/article.cls
Document Class: article 2023/05/17 v1.4n Standard LaTeX document class

(/nix/store/zmqs0yd8r9w8lzn4swvihjbjxbks660n-texlive-2023-env-texmfdist/tex/lat
ex/base/size12.clo
File: size12.clo 2023/05/17 v1.4n Standard LaTeX file (size option)
)
\c@part=\count188
\c@section=\count189
\c@subsection=\count190
\c@subsubsection=\count191
\c@paragraph=\count192
\c@subparagraph=\count193
\c@figure=\count194
\c@table=\count195
\abovecaptionskip=\skip48
\belowcaptionskip=\skip49
\bibindent=\dimen140
)
(/nix/store/zmqs0yd8r9w8lzn4swvihjbjxbks660n-texlive-2023-env-texmfdist/tex/gen
eric/babel/babel.sty
Package: babel 2024/02/07 v24.2 The Babel package
\babel@savecnt=\count196
\U@D=\dimen141
\l@unhyphenated=\language89

(/nix/store/zmqs0yd8r9w8lzn4swvihjbjxbks660n-texlive-2023-env-texmfdist/tex/gen
eric/babel/txtbabel.def)
\bbl@readstream=\read2
\bbl@dirlevel=\count197

(/nix/store/zmqs0yd8r9w8lzn4swvihjbjxbks660n-texlive-2023-env-texmfdist/tex/gen
eric/babel-english/american.ldf
Language: american 2017/06/06 v3.3r English support from the babel system

(/nix/store/zmqs0yd8r9w8lzn4swvihjbjxbks660n-texlive-2023-env-texmfdist/tex/gen
eric/babel-english/english.ldf
Language: english 2017/06/06 v3.3r English support from the babel system
Package babel Info: Hyphen rules for 'canadian' set to \l@english
(babel)             (\language0). Reported on input line 102.
Package babel Info: Hyphen rules for 'australian' set to \l@ukenglish
(babel)             (\language23). Reported on input line 105.
Package babel Info: Hyphen rules for 'newzealand' set to \l@ukenglish
(babel)             (\language23). Reported on input line 108.
)))
(/nix/store/zmqs0yd8r9w8lzn4swvihjbjxbks660n-texlive-2023-env-texmfdist/tex/gen
eric/babel/locale/en/babel-american.tex
Package babel Info: Importing font and identification data for american
(babel)             from babel-en-US.ini. Reported on input line 11.
)
(/nix/store/zmqs0yd8r9w8lzn4swvihjbjxbks660n-texlive-2023-env-texmfdist/tex/lat
ex/csquotes/csquotes.sty
Package: csquotes 2022-09-14 v5.2n context-sensitive quotations (JAW)

(/nix/store/zmqs0yd8r9w8lzn4swvihjbjxbks660n-texlive-2023-env-texmfdist/tex/lat
ex/etoolbox/etoolbox.sty
Package: etoolbox 2020/10/05 v2.5k e-TeX tools for LaTeX (JAW)
\etb@tempcnta=\count198
)
(/nix/store/zmqs0yd8r9w8lzn4swvihjbjxbks660n-texlive-2023-env-texmfdist/tex/lat
ex/graphics/keyval.sty
Package: keyval 2022/05/29 v1.15 key=value parser (DPC)
\KV@toks@=\toks17
)
\csq@reset=\count199
\csq@gtype=\count266
\csq@glevel=\count267
\csq@qlevel=\count268
\csq@maxlvl=\count269
\csq@tshold=\count270
\csq@ltx@everypar=\toks18

(/nix/store/zmqs0yd8r9w8lzn4swvihjbjxbks660n-texlive-2023-env-texmfdist/tex/lat
ex/csquotes/csquotes.def
File: csquotes.def 2022-09-14 v5.2n csquotes generic definitions (JAW)
)
Package csquotes Info: Trying to load configuration file 'csquotes.cfg'...
Package csquotes Info: ... configuration file loaded successfully.

(/nix/store/zmqs0yd8r9w8lzn4swvihjbjxbks660n-texlive-2023-env-texmfdist/tex/lat
ex/csquotes/csquotes.cfg
File: csquotes.cfg 
))
(/nix/store/zmqs0yd8r9w8lzn4swvihjbjxbks660n-texlive-2023-env-texmfdist/tex/lat
ex/biblatex/biblatex.sty
Package: biblatex 2023/03/05 v3.19 programmable bibliographies (PK/MW)

(/nix/store/zmqs0yd8r9w8lzn4swvihjbjxbks660n-texlive-2023-env-texmfdist/tex/gen
eric/pdftexcmds/pdftexcmds.sty
Package: pdftexcmds 2020-06-27 v0.33 Utility functions of pdfTeX for LuaTeX (HO
)

(/nix/store/zmqs0yd8r9w8lzn4swvihjbjxbks660n-texlive-2023-env-texmfdist/tex/gen
eric/infwarerr/infwarerr.sty
Package: infwarerr 2019/12/03 v1.5 Providing info/warning/error messages (HO)
)
(/nix/store/zmqs0yd8r9w8lzn4swvihjbjxbks660n-texlive-2023-env-texmfdist/tex/gen
eric/iftex/iftex.sty
Package: iftex 2022/02/03 v1.0f TeX engine tests
)
(/nix/store/zmqs0yd8r9w8lzn4swvihjbjxbks660n-texlive-2023-env-texmfdist/tex/gen
eric/ltxcmds/ltxcmds.sty
Package: ltxcmds 2023-12-04 v1.26 LaTeX kernel commands for general use (HO)
)
Package pdftexcmds Info: \pdf@primitive is available.
Package pdftexcmds Info: \pdf@ifprimitive is available.
Package pdftexcmds Info: \pdfdraftmode is ignored in DVI mode.
)
(/nix/store/zmqs0yd8r9w8lzn4swvihjbjxbks660n-texlive-2023-env-texmfdist/tex/lat
ex/kvoptions/kvoptions.sty
Package: kvoptions 2022-06-15 v3.15 Key value format for package options (HO)

(/nix/store/zmqs0yd8r9w8lzn4swvihjbjxbks660n-texlive-2023-env-texmfdist/tex/lat
ex/kvsetkeys/kvsetkeys.sty
Package: kvsetkeys 2022-10-05 v1.19 Key value parser (HO)
))
(/nix/store/zmqs0yd8r9w8lzn4swvihjbjxbks660n-texlive-2023-env-texmfdist/tex/lat
ex/logreq/logreq.sty
Package: logreq 2010/08/04 v1.0 xml request logger
\lrq@indent=\count271

(/nix/store/zmqs0yd8r9w8lzn4swvihjbjxbks660n-texlive-2023-env-texmfdist/tex/lat
ex/logreq/logreq.def
File: logreq.def 2010/08/04 v1.0 logreq spec v1.0
))
(/nix/store/zmqs0yd8r9w8lzn4swvihjbjxbks660n-texlive-2023-env-texmfdist/tex/lat
ex/base/ifthen.sty
Package: ifthen 2022/04/13 v1.1d Standard LaTeX ifthen package (DPC)
)
(/nix/store/zmqs0yd8r9w8lzn4swvihjbjxbks660n-texlive-2023-env-texmfdist/tex/lat
ex/url/url.sty
\Urlmuskip=\muskip16
Package: url 2013/09/16  ver 3.4  Verb mode for urls, etc.
)
\c@tabx@nest=\count272
\c@listtotal=\count273
\c@listcount=\count274
\c@liststart=\count275
\c@liststop=\count276
\c@citecount=\count277
\c@citetotal=\count278
\c@multicitecount=\count279
\c@multicitetotal=\count280
\c@instcount=\count281
\c@maxnames=\count282
\c@minnames=\count283
\c@maxitems=\count284
\c@minitems=\count285
\c@citecounter=\count286
\c@maxcitecounter=\count287
\c@savedcitecounter=\count288
\c@uniquelist=\count289
\c@uniquename=\count290
\c@refsection=\count291
\c@refsegment=\count292
\c@maxextratitle=\count293
\c@maxextratitleyear=\count294
\c@maxextraname=\count295
\c@maxextradate=\count296
\c@maxextraalpha=\count297
\c@abbrvpenalty=\count298
\c@highnamepenalty=\count299
\c@lownamepenalty=\count300
\c@maxparens=\count301
\c@parenlevel=\count302
\blx@tempcnta=\count303
\blx@tempcntb=\count304
\blx@tempcntc=\count305
\c@blx@maxsection=\count306
\blx@maxsegment@0=\count307
\blx@notetype=\count308
\blx@parenlevel@text=\count309
\blx@parenlevel@foot=\count310
\blx@sectionciteorder@0=\count311
\blx@sectionciteorderinternal@0=\count312
\blx@entrysetcounter=\count313
\blx@biblioinstance=\count314
\labelnumberwidth=\skip50
\labelalphawidth=\skip51
\biblabelsep=\skip52
\bibitemsep=\skip53
\bibnamesep=\skip54
\bibinitsep=\skip55
\bibparsep=\skip56
\bibhang=\skip57
\blx@bcfin=\read3
\blx@bcfout=\write3
\blx@langwohyphens=\language90
\c@mincomprange=\count315
\c@maxcomprange=\count316
\c@mincompwidth=\count317
Package biblatex Info: Trying to load biblatex default data model...
Package biblatex Info: ... file 'blx-dm.def' found.

(/nix/store/zmqs0yd8r9w8lzn4swvihjbjxbks660n-texlive-2023-env-texmfdist/tex/lat
ex/biblatex/blx-dm.def
File: blx-dm.def 2023/03/05 v3.19 biblatex localization (PK/MW)
)
Package biblatex Info: Trying to load biblatex style data model...
Package biblatex Info: ... file 'mla.dbx' found.

(/nix/store/zmqs0yd8r9w8lzn4swvihjbjxbks660n-texlive-2023-env-texmfdist/tex/lat
ex/biblatex-mla/mla.dbx
File: mla.dbx 2022/02/22 v2.1a biblatex citation style
)
Package biblatex Info: Trying to load biblatex custom data model...
Package biblatex Info: ... file 'biblatex-dm.cfg' not found.
\c@afterword=\count318
\c@savedafterword=\count319
\c@annotator=\count320
\c@savedannotator=\count321
\c@author=\count322
\c@savedauthor=\count323
\c@bookauthor=\count324
\c@savedbookauthor=\count325
\c@commentator=\count326
\c@savedcommentator=\count327
\c@editor=\count328
\c@savededitor=\count329
\c@editora=\count330
\c@savededitora=\count331
\c@editorb=\count332
\c@savededitorb=\count333
\c@editorc=\count334
\c@savededitorc=\count335
\c@foreword=\count336
\c@savedforeword=\count337
\c@holder=\count338
\c@savedholder=\count339
\c@introduction=\count340
\c@savedintroduction=\count341
\c@namea=\count342
\c@savednamea=\count343
\c@nameb=\count344
\c@savednameb=\count345
\c@namec=\count346
\c@savednamec=\count347
\c@translator=\count348
\c@savedtranslator=\count349
\c@shortauthor=\count350
\c@savedshortauthor=\count351
\c@shorteditor=\count352
\c@savedshorteditor=\count353
\c@labelname=\count354
\c@savedlabelname=\count355
\c@institution=\count356
\c@savedinstitution=\count357
\c@lista=\count358
\c@savedlista=\count359
\c@listb=\count360
\c@savedlistb=\count361
\c@listc=\count362
\c@savedlistc=\count363
\c@listd=\count364
\c@savedlistd=\count365
\c@liste=\count366
\c@savedliste=\count367
\c@listf=\count368
\c@savedlistf=\count369
\c@location=\count370
\c@savedlocation=\count371
\c@organization=\count372
\c@savedorganization=\count373
\c@origlocation=\count374
\c@savedoriglocation=\count375
\c@origpublisher=\count376
\c@savedorigpublisher=\count377
\c@publisher=\count378
\c@savedpublisher=\count379
\c@language=\count380
\c@savedlanguage=\count381
\c@origlanguage=\count382
\c@savedoriglanguage=\count383
\c@pageref=\count384
\c@savedpageref=\count385
\shorthandwidth=\skip58
\shortjournalwidth=\skip59
\shortserieswidth=\skip60
\shorttitlewidth=\skip61
\shortauthorwidth=\skip62
\shorteditorwidth=\skip63
\locallabelnumberwidth=\skip64
\locallabelalphawidth=\skip65
\localshorthandwidth=\skip66
\localshortjournalwidth=\skip67
\localshortserieswidth=\skip68
\localshorttitlewidth=\skip69
\localshortauthorwidth=\skip70
\localshorteditorwidth=\skip71
Package biblatex Info: Trying to load compatibility code...
Package biblatex Info: ... file 'blx-compat.def' found.

(/nix/store/zmqs0yd8r9w8lzn4swvihjbjxbks660n-texlive-2023-env-texmfdist/tex/lat
ex/biblatex/blx-compat.def
File: blx-compat.def 2023/03/05 v3.19 biblatex compatibility (PK/MW)
)
Package biblatex Info: Trying to load generic definitions...
Package biblatex Info: ... file 'biblatex.def' found.

(/nix/store/zmqs0yd8r9w8lzn4swvihjbjxbks660n-texlive-2023-env-texmfdist/tex/lat
ex/biblatex/biblatex.def
File: biblatex.def 2023/03/05 v3.19 biblatex compatibility (PK/MW)
\c@textcitecount=\count386
\c@textcitetotal=\count387
\c@textcitemaxnames=\count388
\c@biburlbigbreakpenalty=\count389
\c@biburlbreakpenalty=\count390
\c@biburlnumpenalty=\count391
\c@biburlucpenalty=\count392
\c@biburllcpenalty=\count393
\biburlbigskip=\muskip17
\biburlnumskip=\muskip18
\biburlucskip=\muskip19
\biburllcskip=\muskip20
\c@smartand=\count394
)
Package biblatex Info: Trying to load bibliography style 'mla'...
Package biblatex Info: ... file 'mla.bbx' found.

(/nix/store/zmqs0yd8r9w8lzn4swvihjbjxbks660n-texlive-2023-env-texmfdist/tex/lat
ex/biblatex-mla/mla.bbx
File: mla.bbx 2022/02/22 v2.1a biblatex bibliography style
Package biblatex Info: Trying to load bibliography style 'mla-strict'...
Package biblatex Info: ... file 'mla-strict.bbx' found.

(/nix/store/zmqs0yd8r9w8lzn4swvihjbjxbks660n-texlive-2023-env-texmfdist/tex/lat
ex/biblatex-mla/mla-strict.bbx
File: mla-strict.bbx 2022/02/22 v2.1a biblatex bibliography style
Package biblatex Info: Trying to load bibliography style 'standard'...
Package biblatex Info: ... file 'standard.bbx' found.

(/nix/store/zmqs0yd8r9w8lzn4swvihjbjxbks660n-texlive-2023-env-texmfdist/tex/lat
ex/biblatex/bbx/standard.bbx
File: standard.bbx 2023/03/05 v3.19 biblatex bibliography style (PK/MW)
\c@bbx:relatedcount=\count395
\c@bbx:relatedtotal=\count396
)
Package biblatex Info: Delimiter 'andothersdelim' in context '' already defined
, overwriting.
\c@containing=\count397
))
Package biblatex Info: Trying to load citation style 'mla'...
Package biblatex Info: ... file 'mla.cbx' found.

(/nix/store/zmqs0yd8r9w8lzn4swvihjbjxbks660n-texlive-2023-env-texmfdist/tex/lat
ex/biblatex-mla/mla.cbx
File: mla.cbx 2022/02/22 v2.1a biblatex citation style
Package biblatex Info: Trying to load citation style 'mla-footnotes'...
Package biblatex Info: ... file 'mla-footnotes.cbx' found.

(/nix/store/zmqs0yd8r9w8lzn4swvihjbjxbks660n-texlive-2023-env-texmfdist/tex/lat
ex/biblatex-mla/mla-footnotes.cbx
File: mla-footnotes.cbx 2022/02/22 v2.1a biblatex citation style
)
Package biblatex Info: Redefining '\parencite'.
Package biblatex Info: Redefining '\cite'.
Package biblatex Info: Redefining '\textcite'.
Package biblatex Info: Redefining '\footcite'.
Package biblatex Info: Redefining '\fullcite'.
Package biblatex Info: Redefining '\smartcite'.
Package biblatex Info: Redefining '\citeauthor'.
Package biblatex Info: Redefining '\citetitle'.
)
Package biblatex Info: Trying to load configuration file...
Package biblatex Info: ... file 'biblatex.cfg' found.

(/nix/store/zmqs0yd8r9w8lzn4swvihjbjxbks660n-texlive-2023-env-texmfdist/tex/lat
ex/biblatex/biblatex.cfg
File: biblatex.cfg 
)
Package biblatex Info: Input encoding 'utf8' detected.
Package biblatex Info: Document encoding is UTF8 ....

(/nix/store/zmqs0yd8r9w8lzn4swvihjbjxbks660n-texlive-2023-env-texmfdist/tex/lat
ex/l3kernel/expl3.sty
Package: expl3 2024-02-20 L3 programming layer (loader) 

(/nix/store/zmqs0yd8r9w8lzn4swvihjbjxbks660n-texlive-2023-env-texmfdist/tex/lat
ex/l3backend/l3backend-dvips.def
File: l3backend-dvips.def 2024-02-20 L3 backend support: dvips
\l__pdf_internal_box=\box51
\g__pdf_backend_object_int=\count398
\l__pdf_backend_content_box=\box52
\l__pdf_backend_model_box=\box53
\g__pdf_backend_annotation_int=\count399
\g__pdf_backend_link_int=\count400
\g__pdf_backend_link_sf_int=\count401
))
Package biblatex Info: ... and expl3
(biblatex)             2024-02-20 L3 programming layer (loader) 
(biblatex)             is new enough (at least 2020/04/06),
(biblatex)             setting 'casechanger=expl3'.

(/nix/store/zmqs0yd8r9w8lzn4swvihjbjxbks660n-texlive-2023-env-texmfdist/tex/lat
ex/biblatex/blx-case-expl3.sty
(/nix/store/zmqs0yd8r9w8lzn4swvihjbjxbks660n-texlive-2023-env-texmfdist/tex/lat
ex/l3packages/xparse/xparse.sty
Package: xparse 2024-02-18 L3 Experimental document command parser
)
Package: blx-case-expl3 2023/03/05 v3.19 expl3 case changing code for biblatex
))
(/nix/store/zmqs0yd8r9w8lzn4swvihjbjxbks660n-texlive-2023-env-texmfdist/tex/lat
ex/geometry/geometry.sty
Package: geometry 2020/01/02 v5.9 Page Geometry

(/nix/store/zmqs0yd8r9w8lzn4swvihjbjxbks660n-texlive-2023-env-texmfdist/tex/gen
eric/iftex/ifvtex.sty
Package: ifvtex 2019/10/25 v1.7 ifvtex legacy package. Use iftex instead.
)
\Gm@cnth=\count402
\Gm@cntv=\count403
\c@Gm@tempcnt=\count404
\Gm@bindingoffset=\dimen142
\Gm@wd@mp=\dimen143
\Gm@odd@mp=\dimen144
\Gm@even@mp=\dimen145
\Gm@layoutwidth=\dimen146
\Gm@layoutheight=\dimen147
\Gm@layouthoffset=\dimen148
\Gm@layoutvoffset=\dimen149
\Gm@dimlist=\toks19
)
(/nix/store/zmqs0yd8r9w8lzn4swvihjbjxbks660n-texlive-2023-env-texmfdist/tex/lat
ex/psnfss/times.sty
Package: times 2020/03/25 PSNFSS-v9.3 (SPQR) 
)
(/nix/store/zmqs0yd8r9w8lzn4swvihjbjxbks660n-texlive-2023-env-texmfdist/tex/lat
ex/lipsum/lipsum.sty
(/nix/store/zmqs0yd8r9w8lzn4swvihjbjxbks660n-texlive-2023-env-texmfdist/tex/lat
ex/l3packages/l3keys2e/l3keys2e.sty
Package: l3keys2e 2024-02-18 LaTeX2e option processing using LaTeX3 keys
)
Package: lipsum 2021-09-20 v2.7 150 paragraphs of Lorem Ipsum dummy text
\g__lipsum_par_int=\count405
\l__lipsum_a_int=\count406
\l__lipsum_b_int=\count407

(/nix/store/zmqs0yd8r9w8lzn4swvihjbjxbks660n-texlive-2023-env-texmfdist/tex/lat
ex/lipsum/lipsum.ltd.tex))
(/nix/store/zmqs0yd8r9w8lzn4swvihjbjxbks660n-texlive-2023-env-texmfdist/tex/lat
ex/setspace/setspace.sty
Package: setspace 2022/12/04 v6.7b set line spacing
)
(/nix/store/zmqs0yd8r9w8lzn4swvihjbjxbks660n-texlive-2023-env-texmfdist/tex/lat
ex/hyperref/hyperref.sty
Package: hyperref 2024-01-20 v7.01h Hypertext links for LaTeX

(/nix/store/zmqs0yd8r9w8lzn4swvihjbjxbks660n-texlive-2023-env-texmfdist/tex/gen
eric/kvdefinekeys/kvdefinekeys.sty
Package: kvdefinekeys 2019-12-19 v1.6 Define keys (HO)
)
(/nix/store/zmqs0yd8r9w8lzn4swvihjbjxbks660n-texlive-2023-env-texmfdist/tex/gen
eric/pdfescape/pdfescape.sty
Package: pdfescape 2019/12/09 v1.15 Implements pdfTeX's escape features (HO)
)
(/nix/store/zmqs0yd8r9w8lzn4swvihjbjxbks660n-texlive-2023-env-texmfdist/tex/lat
ex/hycolor/hycolor.sty
Package: hycolor 2020-01-27 v1.10 Color options for hyperref/bookmark (HO)
)
(/nix/store/zmqs0yd8r9w8lzn4swvihjbjxbks660n-texlive-2023-env-texmfdist/tex/lat
ex/auxhook/auxhook.sty
Package: auxhook 2019-12-17 v1.6 Hooks for auxiliary files (HO)
)
(/nix/store/zmqs0yd8r9w8lzn4swvihjbjxbks660n-texlive-2023-env-texmfdist/tex/lat
ex/hyperref/nameref.sty
Package: nameref 2023-11-26 v2.56 Cross-referencing by name of section

(/nix/store/zmqs0yd8r9w8lzn4swvihjbjxbks660n-texlive-2023-env-texmfdist/tex/lat
ex/refcount/refcount.sty
Package: refcount 2019/12/15 v3.6 Data extraction from label references (HO)
)
(/nix/store/zmqs0yd8r9w8lzn4swvihjbjxbks660n-texlive-2023-env-texmfdist/tex/gen
eric/gettitlestring/gettitlestring.sty
Package: gettitlestring 2019/12/15 v1.6 Cleanup title references (HO)
)
\c@section@level=\count408
)
\@linkdim=\dimen150
\Hy@linkcounter=\count409
\Hy@pagecounter=\count410

(/nix/store/zmqs0yd8r9w8lzn4swvihjbjxbks660n-texlive-2023-env-texmfdist/tex/lat
ex/hyperref/pd1enc.def
File: pd1enc.def 2024-01-20 v7.01h Hyperref: PDFDocEncoding definition (HO)
Now handling font encoding PD1 ...
... no UTF-8 mapping file for font encoding PD1
)
(/nix/store/zmqs0yd8r9w8lzn4swvihjbjxbks660n-texlive-2023-env-texmfdist/tex/gen
eric/intcalc/intcalc.sty
Package: intcalc 2019/12/15 v1.3 Expandable calculations with integers (HO)
)
\Hy@SavedSpaceFactor=\count411

(/nix/store/zmqs0yd8r9w8lzn4swvihjbjxbks660n-texlive-2023-env-texmfdist/tex/lat
ex/hyperref/puenc.def
File: puenc.def 2024-01-20 v7.01h Hyperref: PDF Unicode definition (HO)
Now handling font encoding PU ...
... no UTF-8 mapping file for font encoding PU
)
Package hyperref Info: Hyper figures OFF on input line 4179.
Package hyperref Info: Link nesting OFF on input line 4184.
Package hyperref Info: Hyper index ON on input line 4187.
Package hyperref Info: Plain pages OFF on input line 4194.
Package hyperref Info: Backreferencing OFF on input line 4199.
Package hyperref Info: Implicit mode ON; LaTeX internals redefined.
Package hyperref Info: Bookmarks ON on input line 4446.
\c@Hy@tempcnt=\count412
LaTeX Info: Redefining \url on input line 4784.
\XeTeXLinkMargin=\dimen151

(/nix/store/zmqs0yd8r9w8lzn4swvihjbjxbks660n-texlive-2023-env-texmfdist/tex/gen
eric/bitset/bitset.sty
Package: bitset 2019/12/09 v1.3 Handle bit-vector datatype (HO)

(/nix/store/zmqs0yd8r9w8lzn4swvihjbjxbks660n-texlive-2023-env-texmfdist/tex/gen
eric/bigintcalc/bigintcalc.sty
Package: bigintcalc 2019/12/15 v1.5 Expandable calculations on big integers (HO
)
))
\Fld@menulength=\count413
\Field@Width=\dimen152
\Fld@charsize=\dimen153
Package hyperref Info: Hyper figures OFF on input line 6063.
Package hyperref Info: Link nesting OFF on input line 6068.
Package hyperref Info: Hyper index ON on input line 6071.
Package hyperref Info: backreferencing OFF on input line 6078.
Package hyperref Info: Link coloring OFF on input line 6083.
Package hyperref Info: Link coloring with OCG OFF on input line 6088.
Package hyperref Info: PDF/A mode OFF on input line 6093.

(/nix/store/zmqs0yd8r9w8lzn4swvihjbjxbks660n-texlive-2023-env-texmfdist/tex/lat
ex/base/atbegshi-ltx.sty
Package: atbegshi-ltx 2021/01/10 v1.0c Emulation of the original atbegshi
package with kernel methods
)
\Hy@abspage=\count414
\c@Item=\count415
\c@Hfootnote=\count416
)
Package hyperref Info: Driver (default): hdvips.

(/nix/store/zmqs0yd8r9w8lzn4swvihjbjxbks660n-texlive-2023-env-texmfdist/tex/lat
ex/hyperref/hdvips.def
File: hdvips.def 2024-01-20 v7.01h Hyperref driver for dvips

(/nix/store/zmqs0yd8r9w8lzn4swvihjbjxbks660n-texlive-2023-env-texmfdist/tex/lat
ex/hyperref/pdfmark.def
File: pdfmark.def 2024-01-20 v7.01h Hyperref definitions for pdfmark specials
\pdf@docset=\toks20
\pdf@box=\box54
\pdf@toks=\toks21
\pdf@defaulttoks=\toks22
\HyField@AnnotCount=\count417
\Fld@listcount=\count418
\c@bookmark@seq@number=\count419

(/nix/store/zmqs0yd8r9w8lzn4swvihjbjxbks660n-texlive-2023-env-texmfdist/tex/lat
ex/rerunfilecheck/rerunfilecheck.sty
Package: rerunfilecheck 2022-07-10 v1.10 Rerun checks for auxiliary files (HO)

(/nix/store/zmqs0yd8r9w8lzn4swvihjbjxbks660n-texlive-2023-env-texmfdist/tex/lat
ex/base/atveryend-ltx.sty
Package: atveryend-ltx 2020/08/19 v1.0a Emulation of the original atveryend pac
kage
with kernel methods
)
(/nix/store/zmqs0yd8r9w8lzn4swvihjbjxbks660n-texlive-2023-env-texmfdist/tex/gen
eric/uniquecounter/uniquecounter.sty
Package: uniquecounter 2019/12/15 v1.4 Provide unlimited unique counter (HO)
)
Package uniquecounter Info: New unique counter `rerunfilecheck' on input line 2
85.
)
\Hy@SectionHShift=\skip72
))
(/nix/store/zmqs0yd8r9w8lzn4swvihjbjxbks660n-texlive-2023-env-texmfdist/tex/lat
ex/graphics/rotating.sty
Package: rotating 2016/08/11 v2.16d rotated objects in LaTeX

(/nix/store/zmqs0yd8r9w8lzn4swvihjbjxbks660n-texlive-2023-env-texmfdist/tex/lat
ex/graphics/graphicx.sty
Package: graphicx 2021/09/16 v1.2d Enhanced LaTeX Graphics (DPC,SPQR)

(/nix/store/zmqs0yd8r9w8lzn4swvihjbjxbks660n-texlive-2023-env-texmfdist/tex/lat
ex/graphics/graphics.sty
Package: graphics 2022/03/10 v1.4e Standard LaTeX Graphics (DPC,SPQR)

(/nix/store/zmqs0yd8r9w8lzn4swvihjbjxbks660n-texlive-2023-env-texmfdist/tex/lat
ex/graphics/trig.sty
Package: trig 2021/08/11 v1.11 sin cos tan (DPC)
)
(/nix/store/zmqs0yd8r9w8lzn4swvihjbjxbks660n-texlive-2023-env-texmfdist/tex/lat
ex/graphics-cfg/graphics.cfg
File: graphics.cfg 2016/06/04 v1.11 sample graphics configuration
)
Package graphics Info: Driver file: dvips.def on input line 107.

(/nix/store/zmqs0yd8r9w8lzn4swvihjbjxbks660n-texlive-2023-env-texmfdist/tex/lat
ex/graphics-def/dvips.def
File: dvips.def 2022/09/22 v3.1e Graphics/color driver for dvips
))
\Gin@req@height=\dimen154
\Gin@req@width=\dimen155
)
\c@r@tfl@t=\count420
\rotFPtop=\skip73
\rotFPbot=\skip74
\rot@float@box=\box55
\rot@mess@toks=\toks23
)
(/nix/store/zmqs0yd8r9w8lzn4swvihjbjxbks660n-texlive-2023-env-texmfdist/tex/lat
ex/fancyhdr/fancyhdr.sty
Package: fancyhdr 2022/11/09 v4.1 Extensive control of page headers and footers

\f@nch@headwidth=\skip75
\f@nch@O@elh=\skip76
\f@nch@O@erh=\skip77
\f@nch@O@olh=\skip78
\f@nch@O@orh=\skip79
\f@nch@O@elf=\skip80
\f@nch@O@erf=\skip81
\f@nch@O@olf=\skip82
\f@nch@O@orf=\skip83
)
Package csquotes Info: Checking for multilingual support...
Package csquotes Info: ... found 'babel' package.
Package csquotes Info: Adjusting default style.
Package csquotes Info: Redefining alias 'default' -> 'american'.
LaTeX Font Info:    Trying to load font information for OT1+ptm on input line 6
7.

(/nix/store/zmqs0yd8r9w8lzn4swvihjbjxbks660n-texlive-2023-env-texmfdist/tex/lat
ex/psnfss/ot1ptm.fd
File: ot1ptm.fd 2001/06/04 font definitions for OT1/ptm.
)
(./APLANG-Command_and_Control:_NuclearWeapons,_the_Damascus,_and_the_Illusion_o
f_Safety.aux)
\openout1 = `APLANG-Command_and_Control:_NuclearWeapons,_the_Damascus,_and_the_
Illusion_of_Safety.aux'.

LaTeX Font Info:    Checking defaults for OML/cmm/m/it on input line 67.
LaTeX Font Info:    ... okay on input line 67.
LaTeX Font Info:    Checking defaults for OMS/cmsy/m/n on input line 67.
LaTeX Font Info:    ... okay on input line 67.
LaTeX Font Info:    Checking defaults for OT1/cmr/m/n on input line 67.
LaTeX Font Info:    ... okay on input line 67.
LaTeX Font Info:    Checking defaults for T1/cmr/m/n on input line 67.
LaTeX Font Info:    ... okay on input line 67.
LaTeX Font Info:    Checking defaults for TS1/cmr/m/n on input line 67.
LaTeX Font Info:    ... okay on input line 67.
LaTeX Font Info:    Checking defaults for OMX/cmex/m/n on input line 67.
LaTeX Font Info:    ... okay on input line 67.
LaTeX Font Info:    Checking defaults for U/cmr/m/n on input line 67.
LaTeX Font Info:    ... okay on input line 67.
LaTeX Font Info:    Checking defaults for PD1/pdf/m/n on input line 67.
LaTeX Font Info:    ... okay on input line 67.
LaTeX Font Info:    Checking defaults for PU/pdf/m/n on input line 67.
LaTeX Font Info:    ... okay on input line 67.
Package biblatex Info: Trying to load language 'american' -> 'american-mla'...
Package biblatex Info: ... file 'american-mla.lbx' found.

(/nix/store/zmqs0yd8r9w8lzn4swvihjbjxbks660n-texlive-2023-env-texmfdist/tex/lat
ex/biblatex-mla/american-mla.lbx
File: american-mla.lbx 2022/02/22 v2.1a biblatex style localization
Package biblatex Info: Trying to load language 'american'...
Package biblatex Info: ... file 'american.lbx' found.

(/nix/store/zmqs0yd8r9w8lzn4swvihjbjxbks660n-texlive-2023-env-texmfdist/tex/lat
ex/biblatex/lbx/american.lbx
File: american.lbx 2023/03/05 v3.19 biblatex localization (PK/MW)
Package biblatex Info: Trying to load language 'english' -> 'english-mla'...
Package biblatex Info: ... file 'english-mla.lbx' found.

(/nix/store/zmqs0yd8r9w8lzn4swvihjbjxbks660n-texlive-2023-env-texmfdist/tex/lat
ex/biblatex-mla/english-mla.lbx
File: english-mla.lbx 2022/02/22 v2.1a biblatex style localization
Package biblatex Info: Trying to load language 'english'...
Package biblatex Info: ... file 'english.lbx' found.

(/nix/store/zmqs0yd8r9w8lzn4swvihjbjxbks660n-texlive-2023-env-texmfdist/tex/lat
ex/biblatex/lbx/english.lbx
File: english.lbx 2023/03/05 v3.19 biblatex localization (PK/MW)
)))
Package biblatex Info: Trying to load language 'english' -> 'english-mla'...
Package biblatex Info: ... file 'english-mla.lbx' found.

(/nix/store/zmqs0yd8r9w8lzn4swvihjbjxbks660n-texlive-2023-env-texmfdist/tex/lat
ex/biblatex-mla/english-mla.lbx
File: english-mla.lbx 2022/02/22 v2.1a biblatex style localization
Package biblatex Info: Trying to load language 'english'...
Package biblatex Info: ... file 'english.lbx' found.

(/nix/store/zmqs0yd8r9w8lzn4swvihjbjxbks660n-texlive-2023-env-texmfdist/tex/lat
ex/biblatex/lbx/english.lbx
File: english.lbx 2023/03/05 v3.19 biblatex localization (PK/MW)
)))
Package biblatex Info: Input encoding 'utf8' detected.
Package biblatex Info: Automatic encoding selection.
(biblatex)             Assuming data encoding 'utf8'.
\openout3 = `APLANG-Command_and_Control:_NuclearWeapons,_the_Damascus,_and_the_
Illusion_of_Safety.bcf'.

Package biblatex Info: Trying to load bibliographic data...
Package biblatex Info: ... file 'APLANG-Command_and_Control:_NuclearWeapons,_th
e_Damascus,_and_the_Illusion_of_Safety.bbl' not found.

No file APLANG-Command_and_Control:_NuclearWeapons,_the_Damascus,_and_the_Illus
ion_of_Safety.bbl.
Package biblatex Info: Reference section=0 on input line 67.
Package biblatex Info: Reference segment=0 on input line 67.
*geometry* driver: auto-detecting
*geometry* detected driver: dvips
*geometry* verbose mode - [ preamble ] result:
* driver: dvips
* paper: letterpaper
* layout: <same size as paper>
* layoutoffset:(h,v)=(0.0pt,0.0pt)
* modes: 
* h-part:(L,W,R)=(72.26999pt, 469.75502pt, 72.26999pt)
* v-part:(T,H,B)=(72.26999pt, 650.43001pt, 72.26999pt)
* \paperwidth=614.295pt
* \paperheight=794.96999pt
* \textwidth=469.75502pt
* \textheight=650.43001pt
* \oddsidemargin=0.0pt
* \evensidemargin=0.0pt
* \topmargin=-37.0pt
* \headheight=12.0pt
* \headsep=24.06537pt
* \topskip=12.0pt
* \footskip=30.0pt
* \marginparwidth=44.0pt
* \marginparsep=10.0pt
* \columnsep=10.0pt
* \skip\footins=10.8pt plus 4.0pt minus 2.0pt
* \hoffset=0.0pt
* \voffset=0.0pt
* \mag=1000
* \@twocolumnfalse
* \@twosidefalse
* \@mparswitchfalse
* \@reversemarginfalse
* (1in=72.27pt=25.4mm, 1cm=28.453pt)

Package hyperref Info: Link coloring OFF on input line 67.
\@outlinefile=\write4
\openout4 = `APLANG-Command_and_Control:_NuclearWeapons,_the_Damascus,_and_the_
Illusion_of_Safety.out'.


Package hyperref Warning: Rerun to get /PageLabels entry.

! Misplaced alignment tab character &.
\makemlaheader ...in \\ Mr. Jackson\\ AP Language&
                                                  Composition\\ July 18, 202...
l.72 \maketitle
               
? 

Package fancyhdr Warning: \headheight is too small (12.0pt): 
(fancyhdr)                Make it at least 14.49998pt, for example:
(fancyhdr)                \setlength{\headheight}{14.49998pt}.
(fancyhdr)                You might also make \topmargin smaller to compensate:

(fancyhdr)                \addtolength{\topmargin}{-2.49998pt}.

[1

]

Package fancyhdr Warning: \headheight is too small (12.0pt): 
(fancyhdr)                Make it at least 14.49998pt, for example:
(fancyhdr)                \setlength{\headheight}{14.49998pt}.
(fancyhdr)                You might also make \topmargin smaller to compensate:

(fancyhdr)                \addtolength{\topmargin}{-2.49998pt}.

[2]

LaTeX Warning: Empty bibliography on input line 80.


(./APLANG-Command_and_Control:_NuclearWeapons,_the_Damascus,_and_the_Illusion_o
f_Safety.aux)
 ***********
LaTeX2e <2023-11-01> patch level 1
L3 programming layer <2024-02-20>
 ***********


Package rerunfilecheck Warning: File `APLANG-Command_and_Control:_NuclearWeapon
s,_the_Damascus,_and_the_Illusion_of_Safety.out' has changed.
(rerunfilecheck)                Rerun to get outlines right
(rerunfilecheck)                or use package `bookmark'.

Package rerunfilecheck Info: Checksums for `APLANG-Command_and_Control:_Nuclear
Weapons,_the_Damascus,_and_the_Illusion_of_Safety.out':
(rerunfilecheck)             Before: <no file>
(rerunfilecheck)             After:  D41D8CD98F00B204E9800998ECF8427E;0.
Package logreq Info: Writing requests to 'APLANG-Command_and_Control:_NuclearWe
apons,_the_Damascus,_and_the_Illusion_of_Safety.run.xml'.
\openout1 = `APLANG-Command_and_Control:_NuclearWeapons,_the_Damascus,_and_the_
Illusion_of_Safety.run.xml'.

 ) 
Here is how much of TeX's memory you used:
 18225 strings out of 474117
 337290 string characters out of 5720567
 1936184 words of memory out of 5000000
 40404 multiletter control sequences out of 15000+600000
 559422 words of font info for 39 fonts, out of 8000000 for 9000
 1141 hyphenation exceptions out of 8191
 72i,11n,81p,2537b,4391s stack positions out of 10000i,1000n,20000p,200000b,200000s

Output written on APLANG-Command_and_Control:_NuclearWeapons,_the_Damascus,_and
_the_Illusion_of_Safety.dvi (2 pages, 6824 bytes).
