This is pdfTeX, Version 3.141592653-2.6-1.40.26 (TeX Live 2024/nixos.org) (preloaded format=pdflatex 1980.1.1)  2 DEC 2024 14:11
entering extended mode
 restricted \write18 enabled.
 %&-line parsing enabled.
**main.tex
(./main.tex
LaTeX2e <2024-06-01> patch level 2
L3 programming layer <2024-10-09>

(/nix/store/zxdi2d15ryfvilggk6jdzc0ya12s2h6q-texlive-2024-env-texmfdist/tex/lat
ex/base/article.cls
Document Class: article 2024/02/08 v1.4n Standard LaTeX document class

(/nix/store/zxdi2d15ryfvilggk6jdzc0ya12s2h6q-texlive-2024-env-texmfdist/tex/lat
ex/base/size10.clo
File: size10.clo 2024/02/08 v1.4n Standard LaTeX file (size option)
)
\c@part=\count194
\c@section=\count195
\c@subsection=\count196
\c@subsubsection=\count197
\c@paragraph=\count198
\c@subparagraph=\count199
\c@figure=\count266
\c@table=\count267
\abovecaptionskip=\skip49
\belowcaptionskip=\skip50
\bibindent=\dimen141
)
(/nix/store/zxdi2d15ryfvilggk6jdzc0ya12s2h6q-texlive-2024-env-texmfdist/tex/lat
ex/setspace/setspace.sty
Package: setspace 2022/12/04 v6.7b set line spacing
)
(/nix/store/zxdi2d15ryfvilggk6jdzc0ya12s2h6q-texlive-2024-env-texmfdist/tex/lat
ex/hyperref/hyperref.sty
Package: hyperref 2024-07-10 v7.01j Hypertext links for LaTeX

(/nix/store/zxdi2d15ryfvilggk6jdzc0ya12s2h6q-texlive-2024-env-texmfdist/tex/gen
eric/iftex/iftex.sty
Package: iftex 2022/02/03 v1.0f TeX engine tests
)
(/nix/store/zxdi2d15ryfvilggk6jdzc0ya12s2h6q-texlive-2024-env-texmfdist/tex/lat
ex/graphics/keyval.sty
Package: keyval 2022/05/29 v1.15 key=value parser (DPC)
\KV@toks@=\toks17
)
(/nix/store/zxdi2d15ryfvilggk6jdzc0ya12s2h6q-texlive-2024-env-texmfdist/tex/lat
ex/kvsetkeys/kvsetkeys.sty
Package: kvsetkeys 2022-10-05 v1.19 Key value parser (HO)
)
(/nix/store/zxdi2d15ryfvilggk6jdzc0ya12s2h6q-texlive-2024-env-texmfdist/tex/gen
eric/kvdefinekeys/kvdefinekeys.sty
Package: kvdefinekeys 2019-12-19 v1.6 Define keys (HO)
)
(/nix/store/zxdi2d15ryfvilggk6jdzc0ya12s2h6q-texlive-2024-env-texmfdist/tex/gen
eric/pdfescape/pdfescape.sty
Package: pdfescape 2019/12/09 v1.15 Implements pdfTeX's escape features (HO)

(/nix/store/zxdi2d15ryfvilggk6jdzc0ya12s2h6q-texlive-2024-env-texmfdist/tex/gen
eric/ltxcmds/ltxcmds.sty
Package: ltxcmds 2023-12-04 v1.26 LaTeX kernel commands for general use (HO)
)
(/nix/store/zxdi2d15ryfvilggk6jdzc0ya12s2h6q-texlive-2024-env-texmfdist/tex/gen
eric/pdftexcmds/pdftexcmds.sty
Package: pdftexcmds 2020-06-27 v0.33 Utility functions of pdfTeX for LuaTeX (HO
)

(/nix/store/zxdi2d15ryfvilggk6jdzc0ya12s2h6q-texlive-2024-env-texmfdist/tex/gen
eric/infwarerr/infwarerr.sty
Package: infwarerr 2019/12/03 v1.5 Providing info/warning/error messages (HO)
)
Package pdftexcmds Info: \pdf@primitive is available.
Package pdftexcmds Info: \pdf@ifprimitive is available.
Package pdftexcmds Info: \pdfdraftmode found.
))
(/nix/store/zxdi2d15ryfvilggk6jdzc0ya12s2h6q-texlive-2024-env-texmfdist/tex/lat
ex/hycolor/hycolor.sty
Package: hycolor 2020-01-27 v1.10 Color options for hyperref/bookmark (HO)
)
(/nix/store/zxdi2d15ryfvilggk6jdzc0ya12s2h6q-texlive-2024-env-texmfdist/tex/lat
ex/hyperref/nameref.sty
Package: nameref 2023-11-26 v2.56 Cross-referencing by name of section

(/nix/store/zxdi2d15ryfvilggk6jdzc0ya12s2h6q-texlive-2024-env-texmfdist/tex/lat
ex/refcount/refcount.sty
Package: refcount 2019/12/15 v3.6 Data extraction from label references (HO)
)
(/nix/store/zxdi2d15ryfvilggk6jdzc0ya12s2h6q-texlive-2024-env-texmfdist/tex/gen
eric/gettitlestring/gettitlestring.sty
Package: gettitlestring 2019/12/15 v1.6 Cleanup title references (HO)

(/nix/store/zxdi2d15ryfvilggk6jdzc0ya12s2h6q-texlive-2024-env-texmfdist/tex/lat
ex/kvoptions/kvoptions.sty
Package: kvoptions 2022-06-15 v3.15 Key value format for package options (HO)
))
\c@section@level=\count268
)
(/nix/store/zxdi2d15ryfvilggk6jdzc0ya12s2h6q-texlive-2024-env-texmfdist/tex/lat
ex/etoolbox/etoolbox.sty
Package: etoolbox 2020/10/05 v2.5k e-TeX tools for LaTeX (JAW)
\etb@tempcnta=\count269
)
(/nix/store/zxdi2d15ryfvilggk6jdzc0ya12s2h6q-texlive-2024-env-texmfdist/tex/gen
eric/stringenc/stringenc.sty
Package: stringenc 2019/11/29 v1.12 Convert strings between diff. encodings (HO
)
)
\@linkdim=\dimen142
\Hy@linkcounter=\count270
\Hy@pagecounter=\count271

(/nix/store/zxdi2d15ryfvilggk6jdzc0ya12s2h6q-texlive-2024-env-texmfdist/tex/lat
ex/hyperref/pd1enc.def
File: pd1enc.def 2024-07-10 v7.01j Hyperref: PDFDocEncoding definition (HO)
Now handling font encoding PD1 ...
... no UTF-8 mapping file for font encoding PD1
)
(/nix/store/zxdi2d15ryfvilggk6jdzc0ya12s2h6q-texlive-2024-env-texmfdist/tex/gen
eric/intcalc/intcalc.sty
Package: intcalc 2019/12/15 v1.3 Expandable calculations with integers (HO)
)
\Hy@SavedSpaceFactor=\count272

(/nix/store/zxdi2d15ryfvilggk6jdzc0ya12s2h6q-texlive-2024-env-texmfdist/tex/lat
ex/hyperref/puenc.def
File: puenc.def 2024-07-10 v7.01j Hyperref: PDF Unicode definition (HO)
Now handling font encoding PU ...
... no UTF-8 mapping file for font encoding PU
)
Package hyperref Info: Hyper figures OFF on input line 4157.
Package hyperref Info: Link nesting OFF on input line 4162.
Package hyperref Info: Hyper index ON on input line 4165.
Package hyperref Info: Plain pages OFF on input line 4172.
Package hyperref Info: Backreferencing OFF on input line 4177.
Package hyperref Info: Implicit mode ON; LaTeX internals redefined.
Package hyperref Info: Bookmarks ON on input line 4424.
\c@Hy@tempcnt=\count273

(/nix/store/zxdi2d15ryfvilggk6jdzc0ya12s2h6q-texlive-2024-env-texmfdist/tex/lat
ex/url/url.sty
\Urlmuskip=\muskip17
Package: url 2013/09/16  ver 3.4  Verb mode for urls, etc.
)
LaTeX Info: Redefining \url on input line 4763.
\XeTeXLinkMargin=\dimen143

(/nix/store/zxdi2d15ryfvilggk6jdzc0ya12s2h6q-texlive-2024-env-texmfdist/tex/gen
eric/bitset/bitset.sty
Package: bitset 2019/12/09 v1.3 Handle bit-vector datatype (HO)

(/nix/store/zxdi2d15ryfvilggk6jdzc0ya12s2h6q-texlive-2024-env-texmfdist/tex/gen
eric/bigintcalc/bigintcalc.sty
Package: bigintcalc 2019/12/15 v1.5 Expandable calculations on big integers (HO
)
))
\Fld@menulength=\count274
\Field@Width=\dimen144
\Fld@charsize=\dimen145
Package hyperref Info: Hyper figures OFF on input line 6042.
Package hyperref Info: Link nesting OFF on input line 6047.
Package hyperref Info: Hyper index ON on input line 6050.
Package hyperref Info: backreferencing OFF on input line 6057.
Package hyperref Info: Link coloring OFF on input line 6062.
Package hyperref Info: Link coloring with OCG OFF on input line 6067.
Package hyperref Info: PDF/A mode OFF on input line 6072.

(/nix/store/zxdi2d15ryfvilggk6jdzc0ya12s2h6q-texlive-2024-env-texmfdist/tex/lat
ex/base/atbegshi-ltx.sty
Package: atbegshi-ltx 2021/01/10 v1.0c Emulation of the original atbegshi
package with kernel methods
)
\Hy@abspage=\count275
\c@Item=\count276
\c@Hfootnote=\count277
)
Package hyperref Info: Driver (autodetected): hpdftex.

(/nix/store/zxdi2d15ryfvilggk6jdzc0ya12s2h6q-texlive-2024-env-texmfdist/tex/lat
ex/hyperref/hpdftex.def
File: hpdftex.def 2024-07-10 v7.01j Hyperref driver for pdfTeX

(/nix/store/zxdi2d15ryfvilggk6jdzc0ya12s2h6q-texlive-2024-env-texmfdist/tex/lat
ex/base/atveryend-ltx.sty
Package: atveryend-ltx 2020/08/19 v1.0a Emulation of the original atveryend pac
kage
with kernel methods
)
\Fld@listcount=\count278
\c@bookmark@seq@number=\count279

(/nix/store/zxdi2d15ryfvilggk6jdzc0ya12s2h6q-texlive-2024-env-texmfdist/tex/lat
ex/rerunfilecheck/rerunfilecheck.sty
Package: rerunfilecheck 2022-07-10 v1.10 Rerun checks for auxiliary files (HO)

(/nix/store/zxdi2d15ryfvilggk6jdzc0ya12s2h6q-texlive-2024-env-texmfdist/tex/gen
eric/uniquecounter/uniquecounter.sty
Package: uniquecounter 2019/12/15 v1.4 Provide unlimited unique counter (HO)
)
Package uniquecounter Info: New unique counter `rerunfilecheck' on input line 2
85.
)
\Hy@SectionHShift=\skip51
)
(/nix/store/zxdi2d15ryfvilggk6jdzc0ya12s2h6q-texlive-2024-env-texmfdist/tex/lat
ex/biblatex/biblatex.sty
Package: biblatex 2024/03/21 v3.20 programmable bibliographies (PK/MW)

(/nix/store/zxdi2d15ryfvilggk6jdzc0ya12s2h6q-texlive-2024-env-texmfdist/tex/lat
ex/logreq/logreq.sty
Package: logreq 2010/08/04 v1.0 xml request logger
\lrq@indent=\count280

(/nix/store/zxdi2d15ryfvilggk6jdzc0ya12s2h6q-texlive-2024-env-texmfdist/tex/lat
ex/logreq/logreq.def
File: logreq.def 2010/08/04 v1.0 logreq spec v1.0
))
(/nix/store/zxdi2d15ryfvilggk6jdzc0ya12s2h6q-texlive-2024-env-texmfdist/tex/lat
ex/base/ifthen.sty
Package: ifthen 2024/03/16 v1.1e Standard LaTeX ifthen package (DPC)
)
\c@tabx@nest=\count281
\c@listtotal=\count282
\c@listcount=\count283
\c@liststart=\count284
\c@liststop=\count285
\c@citecount=\count286
\c@citetotal=\count287
\c@multicitecount=\count288
\c@multicitetotal=\count289
\c@instcount=\count290
\c@maxnames=\count291
\c@minnames=\count292
\c@maxitems=\count293
\c@minitems=\count294
\c@citecounter=\count295
\c@maxcitecounter=\count296
\c@savedcitecounter=\count297
\c@uniquelist=\count298
\c@uniquename=\count299
\c@refsection=\count300
\c@refsegment=\count301
\c@maxextratitle=\count302
\c@maxextratitleyear=\count303
\c@maxextraname=\count304
\c@maxextradate=\count305
\c@maxextraalpha=\count306
\c@abbrvpenalty=\count307
\c@highnamepenalty=\count308
\c@lownamepenalty=\count309
\c@maxparens=\count310
\c@parenlevel=\count311
\blx@tempcnta=\count312
\blx@tempcntb=\count313
\blx@tempcntc=\count314
\c@blx@maxsection=\count315
\blx@maxsegment@0=\count316
\blx@notetype=\count317
\blx@parenlevel@text=\count318
\blx@parenlevel@foot=\count319
\blx@sectionciteorder@0=\count320
\blx@sectionciteorderinternal@0=\count321
\blx@entrysetcounter=\count322
\blx@biblioinstance=\count323
\labelnumberwidth=\skip52
\labelalphawidth=\skip53
\biblabelsep=\skip54
\bibitemsep=\skip55
\bibnamesep=\skip56
\bibinitsep=\skip57
\bibparsep=\skip58
\bibhang=\skip59
\blx@bcfin=\read2
\blx@bcfout=\write3
\blx@langwohyphens=\language89
\c@mincomprange=\count324
\c@maxcomprange=\count325
\c@mincompwidth=\count326
Package biblatex Info: Trying to load biblatex default data model...
Package biblatex Info: ... file 'blx-dm.def' found.

(/nix/store/zxdi2d15ryfvilggk6jdzc0ya12s2h6q-texlive-2024-env-texmfdist/tex/lat
ex/biblatex/blx-dm.def
File: blx-dm.def 2024/03/21 v3.20 biblatex datamodel (PK/MW)
)
Package biblatex Info: Trying to load biblatex citestyle data model...
Package biblatex Info: ... file 'authoryear.dbx' not found.
Package biblatex Info: Trying to load biblatex bibstyle data model...
Package biblatex Info: ... file 'mla.dbx' found.

(/nix/store/zxdi2d15ryfvilggk6jdzc0ya12s2h6q-texlive-2024-env-texmfdist/tex/lat
ex/biblatex-mla/mla.dbx
File: mla.dbx 2022/02/22 v2.1a biblatex citation style
)
Package biblatex Info: Trying to load biblatex custom data model...
Package biblatex Info: ... file 'biblatex-dm.cfg' not found.
\c@afterword=\count327
\c@savedafterword=\count328
\c@annotator=\count329
\c@savedannotator=\count330
\c@author=\count331
\c@savedauthor=\count332
\c@bookauthor=\count333
\c@savedbookauthor=\count334
\c@commentator=\count335
\c@savedcommentator=\count336
\c@editor=\count337
\c@savededitor=\count338
\c@editora=\count339
\c@savededitora=\count340
\c@editorb=\count341
\c@savededitorb=\count342
\c@editorc=\count343
\c@savededitorc=\count344
\c@foreword=\count345
\c@savedforeword=\count346
\c@holder=\count347
\c@savedholder=\count348
\c@introduction=\count349
\c@savedintroduction=\count350
\c@namea=\count351
\c@savednamea=\count352
\c@nameb=\count353
\c@savednameb=\count354
\c@namec=\count355
\c@savednamec=\count356
\c@translator=\count357
\c@savedtranslator=\count358
\c@shortauthor=\count359
\c@savedshortauthor=\count360
\c@shorteditor=\count361
\c@savedshorteditor=\count362
\c@labelname=\count363
\c@savedlabelname=\count364
\c@institution=\count365
\c@savedinstitution=\count366
\c@lista=\count367
\c@savedlista=\count368
\c@listb=\count369
\c@savedlistb=\count370
\c@listc=\count371
\c@savedlistc=\count372
\c@listd=\count373
\c@savedlistd=\count374
\c@liste=\count375
\c@savedliste=\count376
\c@listf=\count377
\c@savedlistf=\count378
\c@location=\count379
\c@savedlocation=\count380
\c@organization=\count381
\c@savedorganization=\count382
\c@origlocation=\count383
\c@savedoriglocation=\count384
\c@origpublisher=\count385
\c@savedorigpublisher=\count386
\c@publisher=\count387
\c@savedpublisher=\count388
\c@language=\count389
\c@savedlanguage=\count390
\c@origlanguage=\count391
\c@savedoriglanguage=\count392
\c@pageref=\count393
\c@savedpageref=\count394
\shorthandwidth=\skip60
\shortjournalwidth=\skip61
\shortserieswidth=\skip62
\shorttitlewidth=\skip63
\shortauthorwidth=\skip64
\shorteditorwidth=\skip65
\locallabelnumberwidth=\skip66
\locallabelalphawidth=\skip67
\localshorthandwidth=\skip68
\localshortjournalwidth=\skip69
\localshortserieswidth=\skip70
\localshorttitlewidth=\skip71
\localshortauthorwidth=\skip72
\localshorteditorwidth=\skip73
Package biblatex Info: Trying to load compatibility code...
Package biblatex Info: ... file 'blx-compat.def' found.

(/nix/store/zxdi2d15ryfvilggk6jdzc0ya12s2h6q-texlive-2024-env-texmfdist/tex/lat
ex/biblatex/blx-compat.def
File: blx-compat.def 2024/03/21 v3.20 biblatex compatibility (PK/MW)
)
Package biblatex Info: Trying to load generic definitions...
Package biblatex Info: ... file 'biblatex.def' found.

(/nix/store/zxdi2d15ryfvilggk6jdzc0ya12s2h6q-texlive-2024-env-texmfdist/tex/lat
ex/biblatex/biblatex.def
File: biblatex.def 2024/03/21 v3.20 biblatex compatibility (PK/MW)
\c@textcitecount=\count395
\c@textcitetotal=\count396
\c@textcitemaxnames=\count397
\c@biburlbigbreakpenalty=\count398
\c@biburlbreakpenalty=\count399
\c@biburlnumpenalty=\count400
\c@biburlucpenalty=\count401
\c@biburllcpenalty=\count402
\biburlbigskip=\muskip18
\biburlnumskip=\muskip19
\biburlucskip=\muskip20
\biburllcskip=\muskip21
\c@smartand=\count403
)
Package biblatex Info: Trying to load natbib compatibility...
Package biblatex Info: ... file 'blx-natbib.def' found.

(/nix/store/zxdi2d15ryfvilggk6jdzc0ya12s2h6q-texlive-2024-env-texmfdist/tex/lat
ex/biblatex/blx-natbib.def
File: blx-natbib.def 2024/03/21 v3.20 biblatex compatibility (PK/MW)
Package biblatex Info: Delimiter 'nameyeardelim' in context '' already defined,
 overwriting.
)
Package biblatex Info: Trying to load bibliography style 'mla'...
Package biblatex Info: ... file 'mla.bbx' found.

(/nix/store/zxdi2d15ryfvilggk6jdzc0ya12s2h6q-texlive-2024-env-texmfdist/tex/lat
ex/biblatex-mla/mla.bbx
File: mla.bbx 2022/02/22 v2.1a biblatex bibliography style
Package biblatex Info: Trying to load bibliography style 'mla-strict'...
Package biblatex Info: ... file 'mla-strict.bbx' found.

(/nix/store/zxdi2d15ryfvilggk6jdzc0ya12s2h6q-texlive-2024-env-texmfdist/tex/lat
ex/biblatex-mla/mla-strict.bbx
File: mla-strict.bbx 2022/02/22 v2.1a biblatex bibliography style
Package biblatex Info: Trying to load bibliography style 'standard'...
Package biblatex Info: ... file 'standard.bbx' found.

(/nix/store/zxdi2d15ryfvilggk6jdzc0ya12s2h6q-texlive-2024-env-texmfdist/tex/lat
ex/biblatex/bbx/standard.bbx
File: standard.bbx 2024/03/21 v3.20 biblatex bibliography style (PK/MW)
\c@bbx:relatedcount=\count404
\c@bbx:relatedtotal=\count405
)
Package biblatex Info: Delimiter 'andothersdelim' in context '' already defined
, overwriting.
\c@containing=\count406
))
Package biblatex Info: Trying to load citation style 'authoryear'...
Package biblatex Info: ... file 'authoryear.cbx' found.

(/nix/store/zxdi2d15ryfvilggk6jdzc0ya12s2h6q-texlive-2024-env-texmfdist/tex/lat
ex/biblatex/cbx/authoryear.cbx
File: authoryear.cbx 2024/03/21 v3.20 biblatex citation style (PK/MW)
Package biblatex Info: Redefining '\cite'.
Package biblatex Info: Redefining '\parencite'.
Package biblatex Info: Redefining '\footcite'.
Package biblatex Info: Redefining '\footcitetext'.
Package biblatex Info: Redefining '\smartcite'.
Package biblatex Info: Redefining '\textcite'.
Package biblatex Info: Redefining '\textcites'.
)
Package biblatex Info: Trying to load configuration file...
Package biblatex Info: ... file 'biblatex.cfg' found.

(/nix/store/zxdi2d15ryfvilggk6jdzc0ya12s2h6q-texlive-2024-env-texmfdist/tex/lat
ex/biblatex/biblatex.cfg
File: biblatex.cfg 
)
Package biblatex Info: Input encoding 'utf8' detected.
Package biblatex Info: Document encoding is UTF8 ....

(/nix/store/zxdi2d15ryfvilggk6jdzc0ya12s2h6q-texlive-2024-env-texmfdist/tex/lat
ex/l3kernel/expl3.sty
Package: expl3 2024-10-09 L3 programming layer (loader) 

(/nix/store/zxdi2d15ryfvilggk6jdzc0ya12s2h6q-texlive-2024-env-texmfdist/tex/lat
ex/l3backend/l3backend-pdftex.def
File: l3backend-pdftex.def 2024-05-08 L3 backend support: PDF output (pdfTeX)
\l__color_backend_stack_int=\count407
\l__pdf_internal_box=\box52
))
Package biblatex Info: ... and expl3
(biblatex)             2024-10-09 L3 programming layer (loader) 
(biblatex)             is new enough (at least 2020/04/06),
(biblatex)             setting 'casechanger=expl3'.

(/nix/store/zxdi2d15ryfvilggk6jdzc0ya12s2h6q-texlive-2024-env-texmfdist/tex/lat
ex/biblatex/blx-case-expl3.sty
(/nix/store/zxdi2d15ryfvilggk6jdzc0ya12s2h6q-texlive-2024-env-texmfdist/tex/lat
ex/l3packages/xparse/xparse.sty
Package: xparse 2024-08-16 L3 Experimental document command parser
)
Package: blx-case-expl3 2024/03/21 v3.20 expl3 case changing code for biblatex
))
(/nix/store/zxdi2d15ryfvilggk6jdzc0ya12s2h6q-texlive-2024-env-texmfdist/tex/lat
ex/geometry/geometry.sty
Package: geometry 2020/01/02 v5.9 Page Geometry

(/nix/store/zxdi2d15ryfvilggk6jdzc0ya12s2h6q-texlive-2024-env-texmfdist/tex/gen
eric/iftex/ifvtex.sty
Package: ifvtex 2019/10/25 v1.7 ifvtex legacy package. Use iftex instead.
)
\Gm@cnth=\count408
\Gm@cntv=\count409
\c@Gm@tempcnt=\count410
\Gm@bindingoffset=\dimen146
\Gm@wd@mp=\dimen147
\Gm@odd@mp=\dimen148
\Gm@even@mp=\dimen149
\Gm@layoutwidth=\dimen150
\Gm@layoutheight=\dimen151
\Gm@layouthoffset=\dimen152
\Gm@layoutvoffset=\dimen153
\Gm@dimlist=\toks18
)
\@quotelevel=\count411
\@quotereset=\count412
 (./main.aux)
\openout1 = `main.aux'.

LaTeX Font Info:    Checking defaults for OML/cmm/m/it on input line 9.
LaTeX Font Info:    ... okay on input line 9.
LaTeX Font Info:    Checking defaults for OMS/cmsy/m/n on input line 9.
LaTeX Font Info:    ... okay on input line 9.
LaTeX Font Info:    Checking defaults for OT1/cmr/m/n on input line 9.
LaTeX Font Info:    ... okay on input line 9.
LaTeX Font Info:    Checking defaults for T1/cmr/m/n on input line 9.
LaTeX Font Info:    ... okay on input line 9.
LaTeX Font Info:    Checking defaults for TS1/cmr/m/n on input line 9.
LaTeX Font Info:    ... okay on input line 9.
LaTeX Font Info:    Checking defaults for OMX/cmex/m/n on input line 9.
LaTeX Font Info:    ... okay on input line 9.
LaTeX Font Info:    Checking defaults for U/cmr/m/n on input line 9.
LaTeX Font Info:    ... okay on input line 9.
LaTeX Font Info:    Checking defaults for PD1/pdf/m/n on input line 9.
LaTeX Font Info:    ... okay on input line 9.
LaTeX Font Info:    Checking defaults for PU/pdf/m/n on input line 9.
LaTeX Font Info:    ... okay on input line 9.
Package hyperref Info: Link coloring OFF on input line 9.
 (./main.out) (./main.out)
\@outlinefile=\write4
\openout4 = `main.out'.

Package biblatex Info: Trying to load language 'english' -> 'english-mla'...
Package biblatex Info: ... file 'english-mla.lbx' found.

(/nix/store/zxdi2d15ryfvilggk6jdzc0ya12s2h6q-texlive-2024-env-texmfdist/tex/lat
ex/biblatex-mla/english-mla.lbx
File: english-mla.lbx 2022/02/22 v2.1a biblatex style localization
Package biblatex Info: Trying to load language 'english'...
Package biblatex Info: ... file 'english.lbx' found.

(/nix/store/zxdi2d15ryfvilggk6jdzc0ya12s2h6q-texlive-2024-env-texmfdist/tex/lat
ex/biblatex/lbx/english.lbx
File: english.lbx 2024/03/21 v3.20 biblatex localization (PK/MW)
)
Package biblatex Info: Trying to load language 'english'...
Package biblatex Info: ... file 'english.lbx' found.

(/nix/store/zxdi2d15ryfvilggk6jdzc0ya12s2h6q-texlive-2024-env-texmfdist/tex/lat
ex/biblatex/lbx/english.lbx
File: english.lbx 2024/03/21 v3.20 biblatex localization (PK/MW)
))
Package biblatex Info: Input encoding 'utf8' detected.
Package biblatex Info: Automatic encoding selection.
(biblatex)             Assuming data encoding 'utf8'.
\openout3 = `main.bcf'.

Package biblatex Info: Trying to load bibliographic data...
Package biblatex Info: ... file 'main.bbl' found.
 (./main.bbl)
Package biblatex Info: Reference section=0 on input line 9.
Package biblatex Info: Reference segment=0 on input line 9.

*geometry* driver: auto-detecting
*geometry* detected driver: pdftex
*geometry* verbose mode - [ preamble ] result:
* driver: pdftex
* paper: <default>
* layout: <same size as paper>
* layoutoffset:(h,v)=(0.0pt,0.0pt)
* modes: 
* h-part:(L,W,R)=(71.13188pt, 472.03123pt, 71.13188pt)
* v-part:(T,H,B)=(71.13188pt, 652.70622pt, 71.13188pt)
* \paperwidth=614.295pt
* \paperheight=794.96999pt
* \textwidth=472.03123pt
* \textheight=652.70622pt
* \oddsidemargin=-1.1381pt
* \evensidemargin=-1.1381pt
* \topmargin=-38.1381pt
* \headheight=12.0pt
* \headsep=25.0pt
* \topskip=10.0pt
* \footskip=30.0pt
* \marginparwidth=65.0pt
* \marginparsep=11.0pt
* \columnsep=10.0pt
* \skip\footins=9.0pt plus 4.0pt minus 2.0pt
* \hoffset=0.0pt
* \voffset=0.0pt
* \mag=1000
* \@twocolumnfalse
* \@twosidefalse
* \@mparswitchfalse
* \@reversemarginfalse
* (1in=72.27pt=25.4mm, 1cm=28.453pt)

LaTeX Font Info:    External font `cmex10' loaded for size
(Font)              <12> on input line 11.
LaTeX Font Info:    External font `cmex10' loaded for size
(Font)              <8> on input line 11.
LaTeX Font Info:    External font `cmex10' loaded for size
(Font)              <6> on input line 11.


[1

{/nix/store/ndzl7br6nmxzlj5xzabyim79alf1i823-texlive-2024-env/share/texmf-var/f
onts/map/pdftex/updmap/pdftex.map}]

[2] (./main.toc
LaTeX Font Info:    External font `cmex10' loaded for size
(Font)              <7> on input line 2.
LaTeX Font Info:    External font `cmex10' loaded for size
(Font)              <5> on input line 2.
)
\tf@toc=\write5
\openout5 = `main.toc'.



[3]

[4]

[5]
! Undefined control sequence.
<argument> \n 
              why the fuck is a kilometer
l.57 \end
         {document}
? lll
Type <return> to proceed, S to scroll future error messages,
R to run without stopping, Q to run quietly,
I to insert something, E to edit your file,
1 or ... or 9 to ignore the next 1 to 9 tokens of input,
H for help, X to quit.
? l
Type <return> to proceed, S to scroll future error messages,
R to run without stopping, Q to run quietly,
I to insert something, E to edit your file,
1 or ... or 9 to ignore the next 1 to 9 tokens of input,
H for help, X to quit.
? x
 
Here is how much of TeX's memory you used:
 15974 strings out of 473579
 291566 string characters out of 5705100
 1168146 words of memory out of 5000000
 38721 multiletter control sequences out of 15000+600000
 563277 words of font info for 53 fonts, out of 8000000 for 9000
 1141 hyphenation exceptions out of 8191
 75i,9n,81p,2357b,2647s stack positions out of 10000i,1000n,20000p,200000b,200000s

pdfTeX warning (dest): name{cite.0@lee2006} has been referenced but does not ex
ist, replaced by a fixed one


pdfTeX warning (dest): name{cite.0@patricia1836} has been referenced but does n
ot exist, replaced by a fixed one


pdfTeX warning (dest): name{cite.0@west1992} has been referenced but does not e
xist, replaced by a fixed one


pdfTeX warning (dest): name{cite.0@kanzler2005} has been referenced but does no
t exist, replaced by a fixed one


pdfTeX warning (dest): name{cite.0@stansell1982} has been referenced but does n
ot exist, replaced by a fixed one


pdfTeX warning (dest): name{cite.0@henretta} has been referenced but does not e
xist, replaced by a fixed one

</nix/store/zxdi2d15ryfvilggk6jdzc0ya12s2h6q-texlive-2024-env-texmfdist/fonts/t
ype1/public/amsfonts/cm/cmbx10.pfb></nix/store/zxdi2d15ryfvilggk6jdzc0ya12s2h6q
-texlive-2024-env-texmfdist/fonts/type1/public/amsfonts/cm/cmbx12.pfb></nix/sto
re/zxdi2d15ryfvilggk6jdzc0ya12s2h6q-texlive-2024-env-texmfdist/fonts/type1/publ
ic/amsfonts/cm/cmbx9.pfb></nix/store/zxdi2d15ryfvilggk6jdzc0ya12s2h6q-texlive-2
024-env-texmfdist/fonts/type1/public/amsfonts/cm/cmr10.pfb></nix/store/zxdi2d15
ryfvilggk6jdzc0ya12s2h6q-texlive-2024-env-texmfdist/fonts/type1/public/amsfonts
/cm/cmr12.pfb></nix/store/zxdi2d15ryfvilggk6jdzc0ya12s2h6q-texlive-2024-env-tex
mfdist/fonts/type1/public/amsfonts/cm/cmr17.pfb></nix/store/zxdi2d15ryfvilggk6j
dzc0ya12s2h6q-texlive-2024-env-texmfdist/fonts/type1/public/amsfonts/cm/cmr8.pf
b></nix/store/zxdi2d15ryfvilggk6jdzc0ya12s2h6q-texlive-2024-env-texmfdist/fonts
/type1/public/amsfonts/cm/cmti10.pfb>
Output written on main.pdf (5 pages, 130449 bytes).
PDF statistics:
 164 PDF objects out of 1000 (max. 8388607)
 139 compressed objects within 2 object streams
 28 named destinations out of 1000 (max. 500000)
 121 words of extra memory for PDF output out of 10000 (max. 10000000)

